  NPC.cpp
c:\users\user\source\repos\magictower\magictower\magictower\constval.h(16): warning C4129: '/': 無法辨識的字元逸出序列
c:\users\user\source\repos\magictower\magictower\magictower\constval.h(17): warning C4129: '/': 無法辨識的字元逸出序列
c:\users\user\source\repos\magictower\magictower\magictower\constval.h(18): warning C4129: '/': 無法辨識的字元逸出序列
c:\users\user\source\repos\magictower\magictower\magictower\constval.h(19): warning C4129: '/': 無法辨識的字元逸出序列
c:\users\user\source\repos\magictower\magictower\magictower\constval.h(20): warning C4129: '/': 無法辨識的字元逸出序列
  constVal.cpp
c:\users\user\source\repos\magictower\magictower\magictower\constval.h(16): warning C4129: '/': 無法辨識的字元逸出序列
c:\users\user\source\repos\magictower\magictower\magictower\constval.h(17): warning C4129: '/': 無法辨識的字元逸出序列
c:\users\user\source\repos\magictower\magictower\magictower\constval.h(18): warning C4129: '/': 無法辨識的字元逸出序列
c:\users\user\source\repos\magictower\magictower\magictower\constval.h(19): warning C4129: '/': 無法辨識的字元逸出序列
c:\users\user\source\repos\magictower\magictower\magictower\constval.h(20): warning C4129: '/': 無法辨識的字元逸出序列
  dialogue.cpp
c:\users\user\source\repos\magictower\magictower\magictower\constval.h(16): warning C4129: '/': 無法辨識的字元逸出序列
c:\users\user\source\repos\magictower\magictower\magictower\constval.h(17): warning C4129: '/': 無法辨識的字元逸出序列
c:\users\user\source\repos\magictower\magictower\magictower\constval.h(18): warning C4129: '/': 無法辨識的字元逸出序列
c:\users\user\source\repos\magictower\magictower\magictower\constval.h(19): warning C4129: '/': 無法辨識的字元逸出序列
c:\users\user\source\repos\magictower\magictower\magictower\constval.h(20): warning C4129: '/': 無法辨識的字元逸出序列
c:\users\user\source\repos\magictower\magictower\magictower\dialogue.cpp(182): warning C4018: '<': signed/unsigned 不相符
c:\users\user\source\repos\magictower\magictower\magictower\dialogue.cpp(190): warning C4018: '<': signed/unsigned 不相符
c:\users\user\source\repos\magictower\magictower\magictower\dialogue.cpp(235): warning C4244: '正在初始化': 將 'T' 轉換為 'float'，由於類型不同，可能導致資料遺失
          with
          [
              T=unsigned int
          ]
c:\users\user\source\repos\magictower\magictower\magictower\dialogue.cpp(277): warning C4244: '正在初始化': 將 'T' 轉換為 'float'，由於類型不同，可能導致資料遺失
          with
          [
              T=unsigned int
          ]
  game.cpp
c:\users\user\source\repos\magictower\magictower\magictower\constval.h(16): warning C4129: '/': 無法辨識的字元逸出序列
c:\users\user\source\repos\magictower\magictower\magictower\constval.h(17): warning C4129: '/': 無法辨識的字元逸出序列
c:\users\user\source\repos\magictower\magictower\magictower\constval.h(18): warning C4129: '/': 無法辨識的字元逸出序列
c:\users\user\source\repos\magictower\magictower\magictower\constval.h(19): warning C4129: '/': 無法辨識的字元逸出序列
c:\users\user\source\repos\magictower\magictower\magictower\constval.h(20): warning C4129: '/': 無法辨識的字元逸出序列
c:\users\user\source\repos\magictower\magictower\magictower\game.cpp(13): warning C4244: '引數': 將 'T' 轉換為 'float'，由於類型不同，可能導致資料遺失
          with
          [
              T=unsigned int
          ]
c:\users\user\source\repos\magictower\magictower\magictower\game.cpp(14): warning C4244: '引數': 將 'T' 轉換為 'float'，由於類型不同，可能導致資料遺失
          with
          [
              T=unsigned int
          ]
  magicTower.cpp
c:\users\user\source\repos\magictower\magictower\magictower\constval.h(16): warning C4129: '/': 無法辨識的字元逸出序列
c:\users\user\source\repos\magictower\magictower\magictower\constval.h(17): warning C4129: '/': 無法辨識的字元逸出序列
c:\users\user\source\repos\magictower\magictower\magictower\constval.h(18): warning C4129: '/': 無法辨識的字元逸出序列
c:\users\user\source\repos\magictower\magictower\magictower\constval.h(19): warning C4129: '/': 無法辨識的字元逸出序列
c:\users\user\source\repos\magictower\magictower\magictower\constval.h(20): warning C4129: '/': 無法辨識的字元逸出序列
  mainGame.cpp
c:\users\user\source\repos\magictower\magictower\magictower\constval.h(16): warning C4129: '/': 無法辨識的字元逸出序列
c:\users\user\source\repos\magictower\magictower\magictower\constval.h(17): warning C4129: '/': 無法辨識的字元逸出序列
c:\users\user\source\repos\magictower\magictower\magictower\constval.h(18): warning C4129: '/': 無法辨識的字元逸出序列
c:\users\user\source\repos\magictower\magictower\magictower\constval.h(19): warning C4129: '/': 無法辨識的字元逸出序列
c:\users\user\source\repos\magictower\magictower\magictower\constval.h(20): warning C4129: '/': 無法辨識的字元逸出序列
c:\users\user\source\repos\magictower\magictower\magictower\maingame.cpp(6): warning C4305: '引數': 從 'double' 轉換為 'float'，是由較大的類型轉換為較小的類型，可能導致資料遺失
c:\users\user\source\repos\magictower\magictower\magictower\maingame.cpp(20): warning C4244: '引數': 將 'int' 轉換為 'float'，由於類型不同，可能導致資料遺失
c:\users\user\source\repos\magictower\magictower\magictower\maingame.cpp(63): warning C4244: '引數': 將 'int' 轉換為 'float'，由於類型不同，可能導致資料遺失
  menu.cpp
c:\users\user\source\repos\magictower\magictower\magictower\constval.h(16): warning C4129: '/': 無法辨識的字元逸出序列
c:\users\user\source\repos\magictower\magictower\magictower\constval.h(17): warning C4129: '/': 無法辨識的字元逸出序列
c:\users\user\source\repos\magictower\magictower\magictower\constval.h(18): warning C4129: '/': 無法辨識的字元逸出序列
c:\users\user\source\repos\magictower\magictower\magictower\constval.h(19): warning C4129: '/': 無法辨識的字元逸出序列
c:\users\user\source\repos\magictower\magictower\magictower\constval.h(20): warning C4129: '/': 無法辨識的字元逸出序列
c:\users\user\source\repos\magictower\magictower\magictower\menu.cpp(73): warning C4244: '引數': 將 'double' 轉換為 'unsigned int'，由於類型不同，可能導致資料遺失
c:\users\user\source\repos\magictower\magictower\magictower\menu.cpp(74): warning C4244: '引數': 將 'int' 轉換為 'float'，由於類型不同，可能導致資料遺失
c:\users\user\source\repos\magictower\magictower\magictower\menu.cpp(80): warning C4244: '引數': 將 'int' 轉換為 'float'，由於類型不同，可能導致資料遺失
  monster.cpp
c:\users\user\source\repos\magictower\magictower\magictower\constval.h(16): warning C4129: '/': 無法辨識的字元逸出序列
c:\users\user\source\repos\magictower\magictower\magictower\constval.h(17): warning C4129: '/': 無法辨識的字元逸出序列
c:\users\user\source\repos\magictower\magictower\magictower\constval.h(18): warning C4129: '/': 無法辨識的字元逸出序列
c:\users\user\source\repos\magictower\magictower\magictower\constval.h(19): warning C4129: '/': 無法辨識的字元逸出序列
c:\users\user\source\repos\magictower\magictower\magictower\constval.h(20): warning C4129: '/': 無法辨識的字元逸出序列
  sound.cpp
c:\users\user\source\repos\magictower\magictower\magictower\constval.h(16): warning C4129: '/': 無法辨識的字元逸出序列
c:\users\user\source\repos\magictower\magictower\magictower\constval.h(17): warning C4129: '/': 無法辨識的字元逸出序列
c:\users\user\source\repos\magictower\magictower\magictower\constval.h(18): warning C4129: '/': 無法辨識的字元逸出序列
c:\users\user\source\repos\magictower\magictower\magictower\constval.h(19): warning C4129: '/': 無法辨識的字元逸出序列
c:\users\user\source\repos\magictower\magictower\magictower\constval.h(20): warning C4129: '/': 無法辨識的字元逸出序列
  texture.cpp
c:\users\user\source\repos\magictower\magictower\magictower\constval.h(16): warning C4129: '/': 無法辨識的字元逸出序列
c:\users\user\source\repos\magictower\magictower\magictower\constval.h(17): warning C4129: '/': 無法辨識的字元逸出序列
c:\users\user\source\repos\magictower\magictower\magictower\constval.h(18): warning C4129: '/': 無法辨識的字元逸出序列
c:\users\user\source\repos\magictower\magictower\magictower\constval.h(19): warning C4129: '/': 無法辨識的字元逸出序列
c:\users\user\source\repos\magictower\magictower\magictower\constval.h(20): warning C4129: '/': 無法辨識的字元逸出序列
  tile.cpp
c:\users\user\source\repos\magictower\magictower\magictower\constval.h(16): warning C4129: '/': 無法辨識的字元逸出序列
c:\users\user\source\repos\magictower\magictower\magictower\constval.h(17): warning C4129: '/': 無法辨識的字元逸出序列
c:\users\user\source\repos\magictower\magictower\magictower\constval.h(18): warning C4129: '/': 無法辨識的字元逸出序列
c:\users\user\source\repos\magictower\magictower\magictower\constval.h(19): warning C4129: '/': 無法辨識的字元逸出序列
c:\users\user\source\repos\magictower\magictower\magictower\constval.h(20): warning C4129: '/': 無法辨識的字元逸出序列
  正在產生程式碼
  8 of 2624 functions ( 0.3%) were compiled, the rest were copied from previous compilation.
    0 functions were new in current compilation
    16 functions had inline decision re-evaluated but remain unchanged
  已完成程式碼產生
  magicTower.vcxproj -> C:\Users\user\source\repos\MagicTower\magicTower\Release\magicTower.exe
